<?xml version="1.0" encoding="UTF-8"?>
<!-- Generated by org.testng.reporters.JUnitXMLReporter -->
<testsuite hostname="L4156411" name="Test III" tests="3" failures="1" timestamp="19 Jul 2015 01:45:20 GMT" time="23.804" errors="0">
  <testcase name="veifyLoadTestPageLoadsFine" time="0.879" classname="tests.VerifyPagesLoadFine"/>
  <testcase name="verifyPerformancePageLoadsFine" time="0.774" classname="tests.VerifyPagesLoadFine"/>
  <testcase name="verifyLoadTestingToolsPageLoadsFine" time="1.585" classname="tests.VerifyPagesLoadFine">
    <failure type="java.lang.AssertionError" message="expected [true] but found [false]">
      <![CDATA[java.lang.AssertionError: expected [true] but found [false]
	at tests.VerifyPagesLoadFine.verifyLoadTestingToolsPageLoadsFine(VerifyPagesLoadFine.java:50)
	at java.util.concurrent.FutureTask.run(FutureTask.java:262)
	at java.util.concurrent.ThreadPoolExecutor.runWorker(ThreadPoolExecutor.java:1145)
	at java.util.concurrent.ThreadPoolExecutor$Worker.run(ThreadPoolExecutor.java:615)
	at java.lang.Thread.run(Thread.java:745)
... Removed 20 stack frames]]>
    </failure>
  </testcase> <!-- verifyLoadTestingToolsPageLoadsFine -->
</testsuite> <!-- Test III -->
